<?xml version="1.0" encoding="UTF-8"?>
<testsuite xmlns:xsi="http://www.w3.org/2001/XMLSchema-instance" xsi:noNamespaceSchemaLocation="https://maven.apache.org/surefire/maven-failsafe-plugin/xsd/failsafe-test-report.xsd" name="nz.ac.auckland.parolee.test.ParoleeResourceIT" time="7.065" tests="4" errors="0" skipped="0" failures="0">
  <properties>
[...]
</properties>
  <testcase name="testRetrieve" classname="nz.ac.auckland.parolee.test.ParoleeResourceIT" time="0.579"/>
  <testcase name="testCreate" classname="nz.ac.auckland.parolee.test.ParoleeResourceIT" time="0.032"/>
  <testcase name="testDelete" classname="nz.ac.auckland.parolee.test.ParoleeResourceIT" time="0.043"/>
  <testcase name="testUpdate" classname="nz.ac.auckland.parolee.test.ParoleeResourceIT" time="0.026"/>
</testsuite>